#
# There is insufficient memory for the Java Runtime Environment to continue.
# Native memory allocation (malloc) failed to allocate 1048576 bytes for AllocateHeap
# Possible reasons:
#   The system is out of physical RAM or swap space
#   The process is running with CompressedOops enabled, and the Java Heap may be blocking the growth of the native heap
# Possible solutions:
#   Reduce memory load on the system
#   Increase physical memory or swap space
#   Check if swap backing store is full
#   Decrease Java heap size (-Xmx/-Xms)
#   Decrease number of Java threads
#   Decrease Java thread stack sizes (-Xss)
#   Set larger code cache with -XX:ReservedCodeCacheSize=
#   JVM is running with Unscaled Compressed Oops mode in which the Java heap is
#     placed in the first 4GB address space. The Java Heap base address is the
#     maximum limit for the native heap growth. Please use -XX:HeapBaseMinAddress
#     to set the Java Heap base and to place the Java Heap above 4GB virtual address.
# This output file may be truncated or incomplete.
#
#  Out of Memory Error (allocation.cpp:44), pid=28100, tid=25232
#
# JRE version:  (17.0.5+1) (build )
# Java VM: OpenJDK 64-Bit Server VM (17.0.5+1-b653.25, mixed mode, sharing, tiered, compressed oops, compressed class ptrs, g1 gc, windows-amd64)
# No core dump will be written. Minidumps are not enabled by default on client versions of Windows
#

---------------  S U M M A R Y ------------

Command Line: git4idea.http.GitAskPassApp Username for 'https://codeup.aliyun.com': 

Host: Intel(R) Core(TM) i5-10400 CPU @ 2.90GHz, 12 cores, 15G,  Windows 10 , 64 bit Build 19041 (10.0.19041.2788)
Time: Mon Apr 17 16:17:33 2023 SE Asia Standard Time elapsed time: 0.008734 seconds (0d 0h 0m 0s)

---------------  T H R E A D  ---------------

Current thread (0x000001ca0f580970):  JavaThread "Unknown thread" [_thread_in_vm, id=25232, stack(0x00000058ac500000,0x00000058ac600000)]

Stack: [0x00000058ac500000,0x00000058ac600000]
Native frames: (J=compiled Java code, j=interpreted, Vv=VM code, C=native code)
V  [jvm.dll+0x6830ca]
V  [jvm.dll+0x83f4c4]
V  [jvm.dll+0x840c6e]
V  [jvm.dll+0x8412d3]
V  [jvm.dll+0x2490b5]
V  [jvm.dll+0xa64cf]
V  [jvm.dll+0x2dace4]
V  [jvm.dll+0x810d5c]
V  [jvm.dll+0x36df31]
V  [jvm.dll+0x7f028c]
V  [jvm.dll+0x3f0cbf]
V  [jvm.dll+0x3f2801]
C  [jli.dll+0x526b]
C  [ucrtbase.dll+0x21bb2]
C  [KERNEL32.DLL+0x17604]
C  [ntdll.dll+0x526a1]


---------------  P R O C E S S  ---------------

Threads class SMR info:
_java_thread_list=0x00007ff93cf58f98, length=0, elements={
}

Java Threads: ( => current thread )

Other Threads:

=>0x000001ca0f580970 (exited) JavaThread "Unknown thread" [_thread_in_vm, id=25232, stack(0x00000058ac500000,0x00000058ac600000)]

Threads with active compile tasks:

VM state: not at safepoint (not fully initialized)

VM Mutex/Monitor currently owned by a thread: None

Heap address: 0x0000000000000000, size: 0 MB, Compressed Oops mode: 32-bit

CDS archive(s) mapped at: [0x0000000000000000-0x0000000000000000-0x0000000000000000), size 0, SharedBaseAddress: 0x0000000800000000, ArchiveRelocationMode: 0.
Narrow klass base: 0x0000000000000000, Narrow klass shift: 0, Narrow klass range: 0x0

GC Precious Log:
<Empty>

GC Heap History (0 events):
No events

Dll operation events (1 events):
Event: 0.004 Loaded shared library C:\Program Files\JetBrains\WebStorm 2022.3.2\jbr\bin\java.dll

Deoptimization events (0 events):
No events

Classes unloaded (0 events):
No events

Classes redefined (0 events):
No events

Internal exceptions (0 events):
No events

VM Operations (0 events):
No events

Events (0 events):
No events


Dynamic libraries:
0x00007ff68d7e0000 - 0x00007ff68d7ea000 	C:\Program Files\JetBrains\WebStorm 2022.3.2\jbr\bin\java.exe
0x00007ff98f550000 - 0x00007ff98f748000 	C:\Windows\SYSTEM32\ntdll.dll
0x00007ff98f450000 - 0x00007ff98f50f000 	C:\Windows\System32\KERNEL32.DLL
0x00007ff98d2a0000 - 0x00007ff98d57a000 	C:\Windows\System32\KERNELBASE.dll
0x00007ff98cef0000 - 0x00007ff98cff0000 	C:\Windows\System32\ucrtbase.dll
0x00007ff958ca0000 - 0x00007ff958cb7000 	C:\Program Files\JetBrains\WebStorm 2022.3.2\jbr\bin\jli.dll
0x00007ff98d630000 - 0x00007ff98d7cd000 	C:\Windows\System32\USER32.dll
0x00007ff95e610000 - 0x00007ff95e62b000 	C:\Program Files\JetBrains\WebStorm 2022.3.2\jbr\bin\VCRUNTIME140.dll
0x00007ff98cd00000 - 0x00007ff98cd22000 	C:\Windows\System32\win32u.dll
0x00007ff96b570000 - 0x00007ff96b80a000 	C:\Windows\WinSxS\amd64_microsoft.windows.common-controls_6595b64144ccf1df_6.0.19041.1110_none_60b5254171f9507e\COMCTL32.dll
0x00007ff98e120000 - 0x00007ff98e14b000 	C:\Windows\System32\GDI32.dll
0x00007ff98da60000 - 0x00007ff98dafe000 	C:\Windows\System32\msvcrt.dll
0x00007ff98cde0000 - 0x00007ff98cef0000 	C:\Windows\System32\gdi32full.dll
0x00007ff98cc60000 - 0x00007ff98ccfd000 	C:\Windows\System32\msvcp_win.dll
0x00007ff98e280000 - 0x00007ff98e2b0000 	C:\Windows\System32\IMM32.DLL
0x00007ff9850a0000 - 0x00007ff9850ac000 	C:\Program Files\JetBrains\WebStorm 2022.3.2\jbr\bin\vcruntime140_1.dll
0x00007ff942e10000 - 0x00007ff942e9d000 	C:\Program Files\JetBrains\WebStorm 2022.3.2\jbr\bin\msvcp140.dll
0x00007ff93c420000 - 0x00007ff93d08b000 	C:\Program Files\JetBrains\WebStorm 2022.3.2\jbr\bin\server\jvm.dll
0x00007ff98e9a0000 - 0x00007ff98ea4e000 	C:\Windows\System32\ADVAPI32.dll
0x00007ff98db90000 - 0x00007ff98dc2c000 	C:\Windows\System32\sechost.dll
0x00007ff98eb70000 - 0x00007ff98ec96000 	C:\Windows\System32\RPCRT4.dll
0x00007ff97cd30000 - 0x00007ff97cd39000 	C:\Windows\SYSTEM32\WSOCK32.dll
0x00007ff97c9f0000 - 0x00007ff97ca17000 	C:\Windows\SYSTEM32\WINMM.dll
0x00007ff986750000 - 0x00007ff98675a000 	C:\Windows\SYSTEM32\VERSION.dll
0x00007ff98e210000 - 0x00007ff98e27b000 	C:\Windows\System32\WS2_32.dll
0x00007ff98ab40000 - 0x00007ff98ab52000 	C:\Windows\SYSTEM32\kernel.appcore.dll
0x00007ff97cb90000 - 0x00007ff97cb9a000 	C:\Program Files\JetBrains\WebStorm 2022.3.2\jbr\bin\jimage.dll
0x00007ff9785b0000 - 0x00007ff978794000 	C:\Windows\SYSTEM32\DBGHELP.DLL
0x00007ff978530000 - 0x00007ff978564000 	C:\Windows\SYSTEM32\dbgcore.DLL
0x00007ff98cff0000 - 0x00007ff98d072000 	C:\Windows\System32\bcryptPrimitives.dll
0x00007ff958530000 - 0x00007ff958555000 	C:\Program Files\JetBrains\WebStorm 2022.3.2\jbr\bin\java.dll

dbghelp: loaded successfully - version: 4.0.5 - missing functions: none
symbol engine: initialized successfully - sym options: 0x614 - pdb path: .;C:\Program Files\JetBrains\WebStorm 2022.3.2\jbr\bin;C:\Windows\SYSTEM32;C:\Windows\WinSxS\amd64_microsoft.windows.common-controls_6595b64144ccf1df_6.0.19041.1110_none_60b5254171f9507e;C:\Program Files\JetBrains\WebStorm 2022.3.2\jbr\bin\server

VM Arguments:
java_command: git4idea.http.GitAskPassApp Username for 'https://codeup.aliyun.com': 
java_class_path (initial): C:/Program Files/JetBrains/WebStorm 2022.3.2/plugins/vcs-git/lib/git4idea-rt.jar;C:/Program Files/JetBrains/WebStorm 2022.3.2/lib/externalProcess-rt.jar;C:/Program Files/JetBrains/WebStorm 2022.3.2/lib/app.jar;C:/Program Files/JetBrains/WebStorm 2022.3.2/lib/3rd-party-rt.jar
Launcher Type: SUN_STANDARD

[Global flags]
     intx CICompilerCount                          = 4                                         {product} {ergonomic}
     uint ConcGCThreads                            = 3                                         {product} {ergonomic}
     uint G1ConcRefinementThreads                  = 10                                        {product} {ergonomic}
   size_t G1HeapRegionSize                         = 2097152                                   {product} {ergonomic}
    uintx GCDrainStackTargetSize                   = 64                                        {product} {ergonomic}
   size_t InitialHeapSize                          = 266338304                                 {product} {ergonomic}
   size_t MarkStackSize                            = 4194304                                   {product} {ergonomic}
   size_t MaxHeapSize                              = 4229955584                                {product} {ergonomic}
   size_t MinHeapDeltaBytes                        = 2097152                                   {product} {ergonomic}
   size_t MinHeapSize                              = 8388608                                   {product} {ergonomic}
    uintx NonNMethodCodeHeapSize                   = 5839372                                {pd product} {ergonomic}
    uintx NonProfiledCodeHeapSize                  = 122909434                              {pd product} {ergonomic}
    uintx ProfiledCodeHeapSize                     = 122909434                              {pd product} {ergonomic}
    uintx ReservedCodeCacheSize                    = 251658240                              {pd product} {ergonomic}
     bool SegmentedCodeCache                       = true                                      {product} {ergonomic}
   size_t SoftMaxHeapSize                          = 4229955584                             {manageable} {ergonomic}
     bool UseCompressedClassPointers               = true                           {product lp64_product} {ergonomic}
     bool UseCompressedOops                        = true                           {product lp64_product} {ergonomic}
     bool UseG1GC                                  = true                                      {product} {ergonomic}
     bool UseLargePagesIndividualAllocation        = false                                  {pd product} {ergonomic}

Logging:
Log output configuration:
 #0: stdout all=warning uptime,level,tags
 #1: stderr all=off uptime,level,tags

Environment Variables:
JAVA_HOME=C:\Program Files\Java\jdk-11.0.16.1
CLASSPATH=.;
PATH=C:\Program Files\Git\mingw64\libexec\git-core;C:\Program Files\Git\mingw64\libexec\git-core;C:\Program Files\Git\mingw64\bin;C:\Program Files\Git\usr\bin;C:\Users\admin\bin;C:\Program Files\Common Files\Oracle\Java\javapath;C:\Program Files\Eclipse Adoptium\jdk-11.0.17.8-hotspot\bin;C:\Python27;C:\Python27\Scripts;C:\Windows\system32;C:\Windows;C:\Windows\System32\Wbem;C:\Windows\System32\WindowsPowerShell\v1.0;C:\Windows\System32\OpenSSH;C:\Program Files\Git\cmd;C:\ProgramData\chocolatey\bin;C:\Program Files\Java\jdk1.8.0_211\bin;C:\Users\admin\AppData\Local\Android\Sdk\platform-tools;C:\Program Files\Go\bin;C:\Program Files\nodejs;C:\Program Files\LibreOffice\program;C:\Program Files (x86)\Microsoft SQL Server\110\Tools\Binn\ManagementStudio;C:\Program Files (x86)\Microsoft SQL Server\110\Tools\Binn;C:\Program Files\Microsoft SQL Server\110\Tools\Binn;C:\Program Files (x86)\Microsoft SQL Server\110\DTS\Binn;C:\Program Files\Microsoft SQL Server\110\DTS\Binn;C:\Program Files (x86)\Microsoft Visual Studio 10.0\Common7\IDE\PrivateAssemblies;C:\Program Files\dotnet;C:\src\flutter\bin;C:\Users\admin\AppData\Local\Programs\Python\Python37-32\Scripts;C:\Users\admin\AppData\Local\Programs\Python\Python37-32;C:\Users\admin\AppData\Local\Microsoft\WindowsApps;C:\Program Files\JetBrains\WebStorm 2022.3.2\bin;C:\Program Files\JetBrains\IntelliJ IDEA 2023.1\bin;C:\Users\admin\AppData\Local\Programs\Microsoft VS Code\bin;C:\Users\admin\AppData\Local\GitHubDesktop\bin;C:\Program Files\JetBrains\GoLand 2022.3.4\bin;C:\Program Files\heroku\bin;C:\Users\admin\go\bin;C:\Users\admin\AppData\Roaming\npm;C:\Users\admin\.dotnet\tools;C:\src\flutter\bin;C:\Program Files\JetBrains\PyCharm 2023.1\bin
USERNAME=admin
DISPLAY=:0.0
LC_ALL=en_US.UTF-8
TERM=cygwin
TMPDIR=C:\Users\admin\AppData\Local\Temp
OS=Windows_NT
PROCESSOR_IDENTIFIER=Intel64 Family 6 Model 165 Stepping 3, GenuineIntel
TMP=C:\Users\admin\AppData\Local\Temp
TEMP=C:\Users\admin\AppData\Local\Temp



---------------  S Y S T E M  ---------------

OS:
 Windows 10 , 64 bit Build 19041 (10.0.19041.2788)
OS uptime: 1 days 18:06 hours

CPU: total 12 (initial active 12) (6 cores per cpu, 2 threads per core) family 6 model 165 stepping 3 microcode 0xea, cx8, cmov, fxsr, ht, mmx, 3dnowpref, sse, sse2, sse3, ssse3, sse4.1, sse4.2, popcnt, lzcnt, tsc, tscinvbit, avx, avx2, aes, erms, clmul, bmi1, bmi2, adx, fma, vzeroupper, clflush, clflushopt

Memory: 4k page, system-wide physical 16130M (770M free)
TotalPageFile size 41853M (AvailPageFile size 33M)
current process WorkingSet (physical memory assigned to process): 9M, peak: 9M
current process commit charge ("private bytes"): 16M, peak: 17M

vm_info: OpenJDK 64-Bit Server VM (17.0.5+1-b653.25) for windows-amd64 JRE (17.0.5+1-b653.25), built on 2023-01-04 by "builduser" with MS VC++ 16.10 / 16.11 (VS2019)

END.
